<?xml version="1.0" encoding="UTF-8"?>
<testng-results skipped="0" failed="0" total="2" passed="2">
  <reporter-output>
  </reporter-output>
  <suite name="connect-four" duration-ms="160" started-at="2016-12-01T02:12:59Z" finished-at="2016-12-01T02:12:59Z">
    <groups>
    </groups>
    <test name="TestGame" duration-ms="160" started-at="2016-12-01T02:12:59Z" finished-at="2016-12-01T02:12:59Z">
      <class name="TestGame">
        <test-method status="PASS" signature="setUpClass()[pri:0, instance:TestGame@394e1a0f]" name="setUpClass" is-config="true" duration-ms="34" started-at="2016-11-30T21:12:59Z" finished-at="2016-11-30T21:12:59Z">
          <reporter-output>
          </reporter-output>
        </test-method> <!-- setUpClass -->
        <test-method status="PASS" signature="setUpMethod()[pri:0, instance:TestGame@394e1a0f]" name="setUpMethod" is-config="true" duration-ms="14" started-at="2016-11-30T21:12:59Z" finished-at="2016-11-30T21:12:59Z">
          <reporter-output>
          </reporter-output>
        </test-method> <!-- setUpMethod -->
        <test-method status="PASS" signature="testGetScore()[pri:0, instance:TestGame@394e1a0f]" name="testGetScore" duration-ms="8" started-at="2016-11-30T21:12:59Z" finished-at="2016-11-30T21:12:59Z">
          <reporter-output>
          </reporter-output>
        </test-method> <!-- testGetScore -->
        <test-method status="PASS" signature="tearDownMethod()[pri:0, instance:TestGame@394e1a0f]" name="tearDownMethod" is-config="true" duration-ms="5" started-at="2016-11-30T21:12:59Z" finished-at="2016-11-30T21:12:59Z">
          <reporter-output>
          </reporter-output>
        </test-method> <!-- tearDownMethod -->
        <test-method status="PASS" signature="setUpMethod()[pri:0, instance:TestGame@394e1a0f]" name="setUpMethod" is-config="true" duration-ms="4" started-at="2016-11-30T21:12:59Z" finished-at="2016-11-30T21:12:59Z">
          <reporter-output>
          </reporter-output>
        </test-method> <!-- setUpMethod -->
        <test-method status="PASS" signature="testPlayerNumber()[pri:0, instance:TestGame@394e1a0f]" name="testPlayerNumber" duration-ms="7" started-at="2016-11-30T21:12:59Z" finished-at="2016-11-30T21:12:59Z">
          <reporter-output>
          </reporter-output>
        </test-method> <!-- testPlayerNumber -->
        <test-method status="PASS" signature="tearDownMethod()[pri:0, instance:TestGame@394e1a0f]" name="tearDownMethod" is-config="true" duration-ms="4" started-at="2016-11-30T21:12:59Z" finished-at="2016-11-30T21:12:59Z">
          <reporter-output>
          </reporter-output>
        </test-method> <!-- tearDownMethod -->
        <test-method status="PASS" signature="tearDownClass()[pri:0, instance:TestGame@394e1a0f]" name="tearDownClass" is-config="true" duration-ms="4" started-at="2016-11-30T21:12:59Z" finished-at="2016-11-30T21:12:59Z">
          <reporter-output>
          </reporter-output>
        </test-method> <!-- tearDownClass -->
      </class> <!-- TestGame -->
    </test> <!-- TestGame -->
  </suite> <!-- connect-four -->
</testng-results>
